[debug] [2022-06-30T22:27:32.768Z] ----------------------------------------------------------------------
[debug] [2022-06-30T22:27:32.770Z] Command:       C:\Program Files\nodejs\node.exe C:\Users\wangn\AppData\Roaming\npm\node_modules\firebase-tools\lib\bin\firebase.js init functions
[debug] [2022-06-30T22:27:32.770Z] CLI Version:   11.2.0
[debug] [2022-06-30T22:27:32.770Z] Platform:      win32
[debug] [2022-06-30T22:27:32.770Z] Node Version:  v16.15.1
[debug] [2022-06-30T22:27:32.771Z] Time:          Thu Jun 30 2022 18:27:32 GMT-0400 (Eastern Daylight Time)
[debug] [2022-06-30T22:27:32.771Z] ----------------------------------------------------------------------
[debug] 
[debug] [2022-06-30T22:27:32.778Z] > command requires scopes: ["email","openid","https://www.googleapis.com/auth/cloudplatformprojects.readonly","https://www.googleapis.com/auth/firebase","https://www.googleapis.com/auth/cloud-platform"]
[debug] [2022-06-30T22:27:32.778Z] > authorizing via signed-in user (wangnelson2@gmail.com)
[info] 
     ######## #### ########  ######## ########     ###     ######  ########
     ##        ##  ##     ## ##       ##     ##  ##   ##  ##       ##
     ######    ##  ########  ######   ########  #########  ######  ######
     ##        ##  ##    ##  ##       ##     ## ##     ##       ## ##
     ##       #### ##     ## ######## ########  ##     ##  ######  ########

You're about to initialize a Firebase project in this directory:

  C:\Shortcuts\Learning Shortcuts\udemy\quasar-pwa\quasagram\backend

Before we get started, keep in mind:

  * You are currently outside your home directory

[info] 
=== Project Setup
[info] 
[info] First, let's associate this project directory with a Firebase project.
[info] You can create multiple project aliases by running firebase use --add, 
[info] but for now we'll just set up a default project.
[info] 
[debug] [2022-06-30T22:27:35.998Z] >>> [apiv2][query] GET https://firebase.googleapis.com/v1beta1/projects pageSize=100
[debug] [2022-06-30T22:27:36.329Z] <<< [apiv2][status] GET https://firebase.googleapis.com/v1beta1/projects 200
[debug] [2022-06-30T22:27:36.329Z] <<< [apiv2][body] GET https://firebase.googleapis.com/v1beta1/projects [omitted]
[info] i  Using project quasagram-57a30 (Quasagram) 
[info] 
=== Functions Setup
[info] 
[info] A functions directory will be created in your project with sample code
[info] pre-configured. Functions can be deployed with firebase deploy.
[info] 
[debug] [2022-06-30T22:27:45.457Z] > command requires scopes: ["email","openid","https://www.googleapis.com/auth/cloudplatformprojects.readonly","https://www.googleapis.com/auth/firebase","https://www.googleapis.com/auth/cloud-platform"]
[debug] [2022-06-30T22:27:45.457Z] > authorizing via signed-in user (wangnelson2@gmail.com)
[debug] [2022-06-30T22:27:45.457Z] [iam] checking project quasagram-57a30 for permissions ["firebase.projects.get"]
[debug] [2022-06-30T22:27:45.457Z] >>> [apiv2][query] POST https://cloudresourcemanager.googleapis.com/v1/projects/quasagram-57a30:testIamPermissions [none]
[debug] [2022-06-30T22:27:45.457Z] >>> [apiv2][body] POST https://cloudresourcemanager.googleapis.com/v1/projects/quasagram-57a30:testIamPermissions {"permissions":["firebase.projects.get"]}
[debug] [2022-06-30T22:27:45.712Z] <<< [apiv2][status] POST https://cloudresourcemanager.googleapis.com/v1/projects/quasagram-57a30:testIamPermissions 200
[debug] [2022-06-30T22:27:45.712Z] <<< [apiv2][body] POST https://cloudresourcemanager.googleapis.com/v1/projects/quasagram-57a30:testIamPermissions {"permissions":["firebase.projects.get"]}
[debug] [2022-06-30T22:27:45.712Z] >>> [apiv2][query] GET https://serviceusage.googleapis.com/v1/projects/quasagram-57a30/services/cloudfunctions.googleapis.com [none]
[debug] [2022-06-30T22:27:45.713Z] >>> [apiv2][query] GET https://serviceusage.googleapis.com/v1/projects/quasagram-57a30/services/runtimeconfig.googleapis.com [none]
[debug] [2022-06-30T22:27:46.119Z] <<< [apiv2][status] GET https://serviceusage.googleapis.com/v1/projects/quasagram-57a30/services/cloudfunctions.googleapis.com 200
[debug] [2022-06-30T22:27:46.119Z] <<< [apiv2][body] GET https://serviceusage.googleapis.com/v1/projects/quasagram-57a30/services/cloudfunctions.googleapis.com [omitted]
[debug] [2022-06-30T22:27:46.120Z] >>> [apiv2][query] POST https://serviceusage.googleapis.com/v1/projects/quasagram-57a30/services/cloudfunctions.googleapis.com:enable [none]
[debug] [2022-06-30T22:27:46.122Z] <<< [apiv2][status] GET https://serviceusage.googleapis.com/v1/projects/quasagram-57a30/services/runtimeconfig.googleapis.com 200
[debug] [2022-06-30T22:27:46.123Z] <<< [apiv2][body] GET https://serviceusage.googleapis.com/v1/projects/quasagram-57a30/services/runtimeconfig.googleapis.com [omitted]
[debug] [2022-06-30T22:27:47.033Z] <<< [apiv2][status] POST https://serviceusage.googleapis.com/v1/projects/quasagram-57a30/services/cloudfunctions.googleapis.com:enable 200
[debug] [2022-06-30T22:27:47.033Z] <<< [apiv2][body] POST https://serviceusage.googleapis.com/v1/projects/quasagram-57a30/services/cloudfunctions.googleapis.com:enable [omitted]
[debug] [2022-06-30T22:27:57.044Z] >>> [apiv2][query] GET https://serviceusage.googleapis.com/v1/projects/quasagram-57a30/services/cloudfunctions.googleapis.com [none]
[debug] [2022-06-30T22:27:57.398Z] <<< [apiv2][status] GET https://serviceusage.googleapis.com/v1/projects/quasagram-57a30/services/cloudfunctions.googleapis.com 200
[debug] [2022-06-30T22:27:57.398Z] <<< [apiv2][body] GET https://serviceusage.googleapis.com/v1/projects/quasagram-57a30/services/cloudfunctions.googleapis.com [omitted]
